<?xml version="1.0" encoding="UTF-8"?>
<!-- Generated by org.testng.reporters.JUnitXMLReporter -->
<testsuite ignored="3" hostname="DESKTOP-8CVRHOU" failures="0" tests="2" name="Chrome_Test" time="98.524" errors="0" timestamp="2025-01-29T12:03:03 IST">
  <testcase classname="org.QAfoxproject.Desktops.Desktops_Mac_Test" name="addProduct_Desktops_Mac_Test" time="4.426"/>
  <testcase classname="Demo_ShoppingCart.Demo_Shopping_Cart_Test" name="addQuantity" time="9.132"/>
  <testcase classname="org.QAfoxprojectGenericUtility.BaseConfiguration" name="@AfterSuite terminationConnection" time="0.0">
    <ignored/>
  </testcase> <!-- @AfterSuite terminationConnection -->
  <testcase classname="org.QAfoxprojectGenericUtility.BaseConfiguration" name="@BeforeSuite getReportConnection" time="0.0">
    <ignored/>
  </testcase> <!-- @BeforeSuite getReportConnection -->
  <testcase classname="org.QAfoxprojectGenericUtility.BaseConfiguration" name="@BeforeTest getTestRunnerConnection" time="0.0">
    <ignored/>
  </testcase> <!-- @BeforeTest getTestRunnerConnection -->
</testsuite> <!-- Chrome_Test -->
