<?xml version="1.0" encoding="UTF-8"?>
<!-- Generated by org.testng.reporters.JUnitXMLReporter -->
<testsuite ignored="30" hostname="DESKTOP-8CVRHOU" failures="0" tests="11" name="ChromeTest" time="122.092" errors="0" timestamp="2025-01-09T16:59:19 IST">
  <testcase classname="org.QAfoxproject.Compenents.Components_MiceAndTrackballs_Test" name="addProduct_MiceAndTrackballs" time="3.807"/>
  <testcase classname="org.QAfoxproject.Compenents.Components_WebCameras_Test" name="addProduct_WebCameras" time="4.163"/>
  <testcase classname="org.QAfoxproject.Desktops.Desktops_Mac_Test" name="addProduct_Desktops_Mac_Test" time="7.056"/>
  <testcase classname="org.QAfoxproject.Desktops.Desktops_PC_Test" name="addProduct_Desktops_PC_Test" time="4.976"/>
  <testcase classname="org.QAfoxproject.CheckOut.CheckoutTest" name="click_CheckOut" time="3.964"/>
  <testcase classname="org.QAfoxproject.Compenents.Components_Scanner_Test" name="addProduct_Scanners" time="4.015"/>
  <testcase classname="org.QAfoxproject.ShoppingCart.ShoppingCartTest" name="clickShoppingcart" time="3.905"/>
  <testcase classname="org.QAfoxproject.Compenents.Components_Monitors_Test" name="addProduct_Monitors" time="3.371"/>
  <testcase classname="org.QAfoxproject.WishList.WishListTest" name="clickWish_List" time="3.671"/>
  <testcase classname="org.QAfoxproject.Compenents.Components_Printers_Test" name="addProduct_Printers" time="3.328"/>
  <testcase classname="org.QAfoxproject.MP3players.Mp3Players_Test18_Test" name="addProduct_Mp3players_Test_18" time="4.02"/>
  <testcase classname="org.QAfoxprojectGenericUtility.BaseConfiguration" name="@BeforeSuite getReportConnection" time="0.0">
    <ignored/>
  </testcase> <!-- @BeforeSuite getReportConnection -->
  <testcase classname="org.QAfoxprojectGenericUtility.BaseConfiguration" name="@BeforeSuite getReportConnection" time="0.0">
    <ignored/>
  </testcase> <!-- @BeforeSuite getReportConnection -->
  <testcase classname="org.QAfoxprojectGenericUtility.BaseConfiguration" name="@BeforeSuite getReportConnection" time="0.0">
    <ignored/>
  </testcase> <!-- @BeforeSuite getReportConnection -->
  <testcase classname="org.QAfoxprojectGenericUtility.BaseConfiguration" name="@BeforeSuite getReportConnection" time="0.0">
    <ignored/>
  </testcase> <!-- @BeforeSuite getReportConnection -->
  <testcase classname="org.QAfoxprojectGenericUtility.BaseConfiguration" name="@BeforeSuite getReportConnection" time="0.0">
    <ignored/>
  </testcase> <!-- @BeforeSuite getReportConnection -->
  <testcase classname="org.QAfoxprojectGenericUtility.BaseConfiguration" name="@BeforeSuite getReportConnection" time="0.0">
    <ignored/>
  </testcase> <!-- @BeforeSuite getReportConnection -->
  <testcase classname="org.QAfoxprojectGenericUtility.BaseConfiguration" name="@BeforeSuite getReportConnection" time="0.0">
    <ignored/>
  </testcase> <!-- @BeforeSuite getReportConnection -->
  <testcase classname="org.QAfoxprojectGenericUtility.BaseConfiguration" name="@BeforeSuite getReportConnection" time="0.0">
    <ignored/>
  </testcase> <!-- @BeforeSuite getReportConnection -->
  <testcase classname="org.QAfoxprojectGenericUtility.BaseConfiguration" name="@BeforeSuite getReportConnection" time="0.0">
    <ignored/>
  </testcase> <!-- @BeforeSuite getReportConnection -->
  <testcase classname="org.QAfoxprojectGenericUtility.BaseConfiguration" name="@BeforeSuite getReportConnection" time="0.0">
    <ignored/>
  </testcase> <!-- @BeforeSuite getReportConnection -->
  <testcase classname="org.QAfoxprojectGenericUtility.BaseConfiguration" name="@BeforeTest getTestRunnerConnection" time="0.0">
    <ignored/>
  </testcase> <!-- @BeforeTest getTestRunnerConnection -->
  <testcase classname="org.QAfoxprojectGenericUtility.BaseConfiguration" name="@BeforeTest getTestRunnerConnection" time="0.0">
    <ignored/>
  </testcase> <!-- @BeforeTest getTestRunnerConnection -->
  <testcase classname="org.QAfoxprojectGenericUtility.BaseConfiguration" name="@BeforeTest getTestRunnerConnection" time="0.0">
    <ignored/>
  </testcase> <!-- @BeforeTest getTestRunnerConnection -->
  <testcase classname="org.QAfoxprojectGenericUtility.BaseConfiguration" name="@BeforeTest getTestRunnerConnection" time="0.0">
    <ignored/>
  </testcase> <!-- @BeforeTest getTestRunnerConnection -->
  <testcase classname="org.QAfoxprojectGenericUtility.BaseConfiguration" name="@BeforeTest getTestRunnerConnection" time="0.0">
    <ignored/>
  </testcase> <!-- @BeforeTest getTestRunnerConnection -->
  <testcase classname="org.QAfoxprojectGenericUtility.BaseConfiguration" name="@BeforeTest getTestRunnerConnection" time="0.0">
    <ignored/>
  </testcase> <!-- @BeforeTest getTestRunnerConnection -->
  <testcase classname="org.QAfoxprojectGenericUtility.BaseConfiguration" name="@BeforeTest getTestRunnerConnection" time="0.0">
    <ignored/>
  </testcase> <!-- @BeforeTest getTestRunnerConnection -->
  <testcase classname="org.QAfoxprojectGenericUtility.BaseConfiguration" name="@BeforeTest getTestRunnerConnection" time="0.0">
    <ignored/>
  </testcase> <!-- @BeforeTest getTestRunnerConnection -->
  <testcase classname="org.QAfoxprojectGenericUtility.BaseConfiguration" name="@BeforeTest getTestRunnerConnection" time="0.0">
    <ignored/>
  </testcase> <!-- @BeforeTest getTestRunnerConnection -->
  <testcase classname="org.QAfoxprojectGenericUtility.BaseConfiguration" name="@BeforeTest getTestRunnerConnection" time="0.0">
    <ignored/>
  </testcase> <!-- @BeforeTest getTestRunnerConnection -->
  <testcase classname="org.QAfoxprojectGenericUtility.BaseConfiguration" name="@AfterSuite terminationConnection" time="0.0">
    <ignored/>
  </testcase> <!-- @AfterSuite terminationConnection -->
  <testcase classname="org.QAfoxprojectGenericUtility.BaseConfiguration" name="@AfterSuite terminationConnection" time="0.0">
    <ignored/>
  </testcase> <!-- @AfterSuite terminationConnection -->
  <testcase classname="org.QAfoxprojectGenericUtility.BaseConfiguration" name="@AfterSuite terminationConnection" time="0.0">
    <ignored/>
  </testcase> <!-- @AfterSuite terminationConnection -->
  <testcase classname="org.QAfoxprojectGenericUtility.BaseConfiguration" name="@AfterSuite terminationConnection" time="0.0">
    <ignored/>
  </testcase> <!-- @AfterSuite terminationConnection -->
  <testcase classname="org.QAfoxprojectGenericUtility.BaseConfiguration" name="@AfterSuite terminationConnection" time="0.0">
    <ignored/>
  </testcase> <!-- @AfterSuite terminationConnection -->
  <testcase classname="org.QAfoxprojectGenericUtility.BaseConfiguration" name="@AfterSuite terminationConnection" time="0.0">
    <ignored/>
  </testcase> <!-- @AfterSuite terminationConnection -->
  <testcase classname="org.QAfoxprojectGenericUtility.BaseConfiguration" name="@AfterSuite terminationConnection" time="0.0">
    <ignored/>
  </testcase> <!-- @AfterSuite terminationConnection -->
  <testcase classname="org.QAfoxprojectGenericUtility.BaseConfiguration" name="@AfterSuite terminationConnection" time="0.0">
    <ignored/>
  </testcase> <!-- @AfterSuite terminationConnection -->
  <testcase classname="org.QAfoxprojectGenericUtility.BaseConfiguration" name="@AfterSuite terminationConnection" time="0.0">
    <ignored/>
  </testcase> <!-- @AfterSuite terminationConnection -->
  <testcase classname="org.QAfoxprojectGenericUtility.BaseConfiguration" name="@AfterSuite terminationConnection" time="0.0">
    <ignored/>
  </testcase> <!-- @AfterSuite terminationConnection -->
</testsuite> <!-- ChromeTest -->
