<?xml version="1.0" encoding="UTF-8"?>
<testng-results ignored="3" total="5" passed="2" failed="0" skipped="0">
  <reporter-output>
    <line>
      <![CDATA[Getting Report Connection]]>
    </line>
    <line>
      <![CDATA[Getting TestRunner Connection Succesful]]>
    </line>
    <line>
      <![CDATA[Browser Lunched Successfully]]>
    </line>
    <line>
      <![CDATA[Navigate To the Application Succesful]]>
    </line>
    <line>
      <![CDATA[Maximize the Browser Succesful]]>
    </line>
    <line>
      <![CDATA[Clicked on My Account Header Link Successful]]>
    </line>
    <line>
      <![CDATA[Clicked on Login HeaderLink Successful]]>
    </line>
    <line>
      <![CDATA[Login Successful]]>
    </line>
    <line>
      <![CDATA[Imac Product Clicked]]>
    </line>
    <line>
      <![CDATA[Mac product Added]]>
    </line>
    <line>
      <![CDATA[Logout Succesful]]>
    </line>
    <line>
      <![CDATA[terminate succesful]]>
    </line>
    <line>
      <![CDATA[Browser Lunched Successfully]]>
    </line>
    <line>
      <![CDATA[Navigate To the Application Succesful]]>
    </line>
    <line>
      <![CDATA[Maximize the Browser Succesful]]>
    </line>
    <line>
      <![CDATA[Clicked on My Account Header Link Successful]]>
    </line>
    <line>
      <![CDATA[Clicked on Login HeaderLink Successful]]>
    </line>
    <line>
      <![CDATA[Login Successful]]>
    </line>
    <line>
      <![CDATA[Logout Succesful]]>
    </line>
    <line>
      <![CDATA[terminate succesful]]>
    </line>
    <line>
      <![CDATA[Terminate ReportConnection Succesful]]>
    </line>
  </reporter-output>
  <suite started-at="2025-01-29T12:01:24 IST" name="Functional_Suite" finished-at="2025-01-29T12:03:03 IST" duration-ms="98524">
    <groups>
    </groups>
    <test started-at="2025-01-29T12:01:24 IST" name="Chrome_Test" finished-at="2025-01-29T12:03:03 IST" duration-ms="98524">
      <class name="org.QAfoxproject.Desktops.Desktops_Mac_Test">
        <test-method is-config="true" signature="getReportConnection()[pri:0, instance:org.QAfoxproject.Desktops.Desktops_Mac_Test@1530c739]" started-at="2025-01-29T12:01:22 IST" name="getReportConnection" finished-at="2025-01-29T12:01:24 IST" duration-ms="2096" status="PASS">
          <reporter-output>
            <line>
              <![CDATA[Getting Report Connection]]>
            </line>
          </reporter-output>
        </test-method> <!-- getReportConnection -->
        <test-method is-config="true" signature="getTestRunnerConnection()[pri:0, instance:org.QAfoxproject.Desktops.Desktops_Mac_Test@1530c739]" started-at="2025-01-29T12:01:24 IST" name="getTestRunnerConnection" finished-at="2025-01-29T12:01:24 IST" duration-ms="4" status="PASS">
          <reporter-output>
            <line>
              <![CDATA[Getting TestRunner Connection Succesful]]>
            </line>
          </reporter-output>
        </test-method> <!-- getTestRunnerConnection -->
        <test-method is-config="true" signature="browserSetup()[pri:0, instance:org.QAfoxproject.Desktops.Desktops_Mac_Test@1530c739]" started-at="2025-01-29T12:01:24 IST" name="browserSetup" finished-at="2025-01-29T12:02:27 IST" duration-ms="62470" status="PASS">
          <reporter-output>
            <line>
              <![CDATA[Browser Lunched Successfully]]>
            </line>
            <line>
              <![CDATA[Navigate To the Application Succesful]]>
            </line>
            <line>
              <![CDATA[Maximize the Browser Succesful]]>
            </line>
            <line>
              <![CDATA[Clicked on My Account Header Link Successful]]>
            </line>
            <line>
              <![CDATA[Clicked on Login HeaderLink Successful]]>
            </line>
          </reporter-output>
        </test-method> <!-- browserSetup -->
        <test-method is-config="true" signature="login()[pri:0, instance:org.QAfoxproject.Desktops.Desktops_Mac_Test@1530c739]" started-at="2025-01-29T12:02:27 IST" name="login" finished-at="2025-01-29T12:02:29 IST" duration-ms="2694" status="PASS">
          <reporter-output>
            <line>
              <![CDATA[Login Successful]]>
            </line>
          </reporter-output>
        </test-method> <!-- login -->
        <test-method signature="addProduct_Desktops_Mac_Test()[pri:0, instance:org.QAfoxproject.Desktops.Desktops_Mac_Test@1530c739]" started-at="2025-01-29T12:02:29 IST" name="addProduct_Desktops_Mac_Test" finished-at="2025-01-29T12:02:34 IST" duration-ms="4426" status="PASS">
          <reporter-output>
            <line>
              <![CDATA[Imac Product Clicked]]>
            </line>
            <line>
              <![CDATA[Mac product Added]]>
            </line>
          </reporter-output>
        </test-method> <!-- addProduct_Desktops_Mac_Test -->
        <test-method is-config="true" signature="logout()[pri:0, instance:org.QAfoxproject.Desktops.Desktops_Mac_Test@1530c739]" started-at="2025-01-29T12:02:34 IST" name="logout" finished-at="2025-01-29T12:02:35 IST" duration-ms="829" status="PASS">
          <reporter-output>
            <line>
              <![CDATA[Logout Succesful]]>
            </line>
          </reporter-output>
        </test-method> <!-- logout -->
        <test-method is-config="true" signature="browserTerminate()[pri:0, instance:org.QAfoxproject.Desktops.Desktops_Mac_Test@1530c739]" started-at="2025-01-29T12:02:35 IST" name="browserTerminate" finished-at="2025-01-29T12:02:37 IST" duration-ms="2655" status="PASS">
          <reporter-output>
            <line>
              <![CDATA[terminate succesful]]>
            </line>
          </reporter-output>
        </test-method> <!-- browserTerminate -->
        <test-method is-config="true" signature="terminationConnection()[pri:0, instance:org.QAfoxproject.Desktops.Desktops_Mac_Test@1530c739]" started-at="2025-01-29T12:03:03 IST" name="terminationConnection" finished-at="2025-01-29T12:03:04 IST" duration-ms="1306" status="PASS">
          <reporter-output>
            <line>
              <![CDATA[Terminate ReportConnection Succesful]]>
            </line>
          </reporter-output>
        </test-method> <!-- terminationConnection -->
      </class> <!-- org.QAfoxproject.Desktops.Desktops_Mac_Test -->
      <class name="Demo_ShoppingCart.Demo_Shopping_Cart_Test">
        <test-method is-config="true" signature="browserSetup()[pri:0, instance:Demo_ShoppingCart.Demo_Shopping_Cart_Test@470734c3]" started-at="2025-01-29T12:02:37 IST" name="browserSetup" finished-at="2025-01-29T12:02:51 IST" duration-ms="13244" status="PASS">
          <reporter-output>
            <line>
              <![CDATA[Browser Lunched Successfully]]>
            </line>
            <line>
              <![CDATA[Navigate To the Application Succesful]]>
            </line>
            <line>
              <![CDATA[Maximize the Browser Succesful]]>
            </line>
            <line>
              <![CDATA[Clicked on My Account Header Link Successful]]>
            </line>
            <line>
              <![CDATA[Clicked on Login HeaderLink Successful]]>
            </line>
          </reporter-output>
        </test-method> <!-- browserSetup -->
        <test-method is-config="true" signature="login()[pri:0, instance:Demo_ShoppingCart.Demo_Shopping_Cart_Test@470734c3]" started-at="2025-01-29T12:02:51 IST" name="login" finished-at="2025-01-29T12:02:52 IST" duration-ms="1735" status="PASS">
          <reporter-output>
            <line>
              <![CDATA[Login Successful]]>
            </line>
          </reporter-output>
        </test-method> <!-- login -->
        <test-method signature="addQuantity()[pri:0, instance:Demo_ShoppingCart.Demo_Shopping_Cart_Test@470734c3]" started-at="2025-01-29T12:02:52 IST" name="addQuantity" finished-at="2025-01-29T12:03:01 IST" duration-ms="9132" status="PASS">
          <reporter-output>
          </reporter-output>
        </test-method> <!-- addQuantity -->
        <test-method is-config="true" signature="logout()[pri:0, instance:Demo_ShoppingCart.Demo_Shopping_Cart_Test@470734c3]" started-at="2025-01-29T12:03:01 IST" name="logout" finished-at="2025-01-29T12:03:02 IST" duration-ms="720" status="PASS">
          <reporter-output>
            <line>
              <![CDATA[Logout Succesful]]>
            </line>
          </reporter-output>
        </test-method> <!-- logout -->
        <test-method is-config="true" signature="browserTerminate()[pri:0, instance:Demo_ShoppingCart.Demo_Shopping_Cart_Test@470734c3]" started-at="2025-01-29T12:03:02 IST" name="browserTerminate" finished-at="2025-01-29T12:03:03 IST" duration-ms="451" status="PASS">
          <reporter-output>
            <line>
              <![CDATA[terminate succesful]]>
            </line>
          </reporter-output>
        </test-method> <!-- browserTerminate -->
      </class> <!-- Demo_ShoppingCart.Demo_Shopping_Cart_Test -->
    </test> <!-- Chrome_Test -->
  </suite> <!-- Functional_Suite -->
</testng-results>
