<?xml version="1.0" encoding="UTF-8"?>
<testng-results ignored="3" total="5" passed="2" failed="0" skipped="0">
  <reporter-output>
    <line>
      <![CDATA[Getting Report Connection]]>
    </line>
    <line>
      <![CDATA[Getting TestRunner Connection Succesful]]>
    </line>
    <line>
      <![CDATA[Browser Lunched Successfully]]>
    </line>
    <line>
      <![CDATA[Navigate To the Application Succesful]]>
    </line>
    <line>
      <![CDATA[Maximize the Browser Succesful]]>
    </line>
    <line>
      <![CDATA[Clicked on My Account Header Link Successful]]>
    </line>
    <line>
      <![CDATA[Clicked on Login HeaderLink Successful]]>
    </line>
    <line>
      <![CDATA[Login Successful]]>
    </line>
    <line>
      <![CDATA[Imac Product Clicked]]>
    </line>
    <line>
      <![CDATA[Mac product Added]]>
    </line>
    <line>
      <![CDATA[Logout Succesful]]>
    </line>
    <line>
      <![CDATA[terminate succesful]]>
    </line>
    <line>
      <![CDATA[Browser Lunched Successfully]]>
    </line>
    <line>
      <![CDATA[Navigate To the Application Succesful]]>
    </line>
    <line>
      <![CDATA[Maximize the Browser Succesful]]>
    </line>
    <line>
      <![CDATA[Clicked on My Account Header Link Successful]]>
    </line>
    <line>
      <![CDATA[Clicked on Login HeaderLink Successful]]>
    </line>
    <line>
      <![CDATA[Login Successful]]>
    </line>
    <line>
      <![CDATA[Logout Succesful]]>
    </line>
    <line>
      <![CDATA[terminate succesful]]>
    </line>
    <line>
      <![CDATA[Terminate ReportConnection Succesful]]>
    </line>
  </reporter-output>
  <suite started-at="2025-01-28T12:19:33 IST" name="Functional_Suite" finished-at="2025-01-28T12:19:58 IST" duration-ms="24990">
    <groups>
    </groups>
    <test started-at="2025-01-28T12:19:33 IST" name="Chrome_Test" finished-at="2025-01-28T12:19:58 IST" duration-ms="24990">
      <class name="org.QAfoxproject.Desktops.Desktops_Mac_Test">
        <test-method is-config="true" signature="getReportConnection()[pri:0, instance:org.QAfoxproject.Desktops.Desktops_Mac_Test@1530c739]" started-at="2025-01-28T12:19:32 IST" name="getReportConnection" finished-at="2025-01-28T12:19:33 IST" duration-ms="596" status="PASS">
          <reporter-output>
            <line>
              <![CDATA[Getting Report Connection]]>
            </line>
          </reporter-output>
        </test-method> <!-- getReportConnection -->
        <test-method is-config="true" signature="getTestRunnerConnection()[pri:0, instance:org.QAfoxproject.Desktops.Desktops_Mac_Test@1530c739]" started-at="2025-01-28T12:19:33 IST" name="getTestRunnerConnection" finished-at="2025-01-28T12:19:33 IST" duration-ms="1" status="PASS">
          <reporter-output>
            <line>
              <![CDATA[Getting TestRunner Connection Succesful]]>
            </line>
          </reporter-output>
        </test-method> <!-- getTestRunnerConnection -->
        <test-method is-config="true" signature="browserSetup()[pri:0, instance:org.QAfoxproject.Desktops.Desktops_Mac_Test@1530c739]" started-at="2025-01-28T12:19:33 IST" name="browserSetup" finished-at="2025-01-28T12:19:41 IST" duration-ms="8123" status="PASS">
          <reporter-output>
            <line>
              <![CDATA[Browser Lunched Successfully]]>
            </line>
            <line>
              <![CDATA[Navigate To the Application Succesful]]>
            </line>
            <line>
              <![CDATA[Maximize the Browser Succesful]]>
            </line>
            <line>
              <![CDATA[Clicked on My Account Header Link Successful]]>
            </line>
            <line>
              <![CDATA[Clicked on Login HeaderLink Successful]]>
            </line>
          </reporter-output>
        </test-method> <!-- browserSetup -->
        <test-method is-config="true" signature="login()[pri:0, instance:org.QAfoxproject.Desktops.Desktops_Mac_Test@1530c739]" started-at="2025-01-28T12:19:41 IST" name="login" finished-at="2025-01-28T12:19:42 IST" duration-ms="1373" status="PASS">
          <reporter-output>
            <line>
              <![CDATA[Login Successful]]>
            </line>
          </reporter-output>
        </test-method> <!-- login -->
        <test-method signature="addProduct_Desktops_Mac_Test()[pri:0, instance:org.QAfoxproject.Desktops.Desktops_Mac_Test@1530c739]" started-at="2025-01-28T12:19:42 IST" name="addProduct_Desktops_Mac_Test" finished-at="2025-01-28T12:19:45 IST" duration-ms="2246" status="PASS">
          <reporter-output>
            <line>
              <![CDATA[Imac Product Clicked]]>
            </line>
            <line>
              <![CDATA[Mac product Added]]>
            </line>
          </reporter-output>
        </test-method> <!-- addProduct_Desktops_Mac_Test -->
        <test-method is-config="true" signature="logout()[pri:0, instance:org.QAfoxproject.Desktops.Desktops_Mac_Test@1530c739]" started-at="2025-01-28T12:19:45 IST" name="logout" finished-at="2025-01-28T12:19:45 IST" duration-ms="639" status="PASS">
          <reporter-output>
            <line>
              <![CDATA[Logout Succesful]]>
            </line>
          </reporter-output>
        </test-method> <!-- logout -->
        <test-method is-config="true" signature="browserTerminate()[pri:0, instance:org.QAfoxproject.Desktops.Desktops_Mac_Test@1530c739]" started-at="2025-01-28T12:19:45 IST" name="browserTerminate" finished-at="2025-01-28T12:19:45 IST" duration-ms="253" status="PASS">
          <reporter-output>
            <line>
              <![CDATA[terminate succesful]]>
            </line>
          </reporter-output>
        </test-method> <!-- browserTerminate -->
        <test-method is-config="true" signature="terminationConnection()[pri:0, instance:org.QAfoxproject.Desktops.Desktops_Mac_Test@1530c739]" started-at="2025-01-28T12:19:58 IST" name="terminationConnection" finished-at="2025-01-28T12:19:58 IST" duration-ms="466" status="PASS">
          <reporter-output>
            <line>
              <![CDATA[Terminate ReportConnection Succesful]]>
            </line>
          </reporter-output>
        </test-method> <!-- terminationConnection -->
      </class> <!-- org.QAfoxproject.Desktops.Desktops_Mac_Test -->
      <class name="Demo_ShoppingCart.Demo_Shopping_Cart_Test">
        <test-method is-config="true" signature="browserSetup()[pri:0, instance:Demo_ShoppingCart.Demo_Shopping_Cart_Test@470734c3]" started-at="2025-01-28T12:19:45 IST" name="browserSetup" finished-at="2025-01-28T12:19:51 IST" duration-ms="5127" status="PASS">
          <reporter-output>
            <line>
              <![CDATA[Browser Lunched Successfully]]>
            </line>
            <line>
              <![CDATA[Navigate To the Application Succesful]]>
            </line>
            <line>
              <![CDATA[Maximize the Browser Succesful]]>
            </line>
            <line>
              <![CDATA[Clicked on My Account Header Link Successful]]>
            </line>
            <line>
              <![CDATA[Clicked on Login HeaderLink Successful]]>
            </line>
          </reporter-output>
        </test-method> <!-- browserSetup -->
        <test-method is-config="true" signature="login()[pri:0, instance:Demo_ShoppingCart.Demo_Shopping_Cart_Test@470734c3]" started-at="2025-01-28T12:19:51 IST" name="login" finished-at="2025-01-28T12:19:52 IST" duration-ms="1219" status="PASS">
          <reporter-output>
            <line>
              <![CDATA[Login Successful]]>
            </line>
          </reporter-output>
        </test-method> <!-- login -->
        <test-method signature="addQuantity()[pri:0, instance:Demo_ShoppingCart.Demo_Shopping_Cart_Test@470734c3]" started-at="2025-01-28T12:19:52 IST" name="addQuantity" finished-at="2025-01-28T12:19:57 IST" duration-ms="5005" status="PASS">
          <reporter-output>
          </reporter-output>
        </test-method> <!-- addQuantity -->
        <test-method is-config="true" signature="logout()[pri:0, instance:Demo_ShoppingCart.Demo_Shopping_Cart_Test@470734c3]" started-at="2025-01-28T12:19:57 IST" name="logout" finished-at="2025-01-28T12:19:58 IST" duration-ms="674" status="PASS">
          <reporter-output>
            <line>
              <![CDATA[Logout Succesful]]>
            </line>
          </reporter-output>
        </test-method> <!-- logout -->
        <test-method is-config="true" signature="browserTerminate()[pri:0, instance:Demo_ShoppingCart.Demo_Shopping_Cart_Test@470734c3]" started-at="2025-01-28T12:19:58 IST" name="browserTerminate" finished-at="2025-01-28T12:19:58 IST" duration-ms="267" status="PASS">
          <reporter-output>
            <line>
              <![CDATA[terminate succesful]]>
            </line>
          </reporter-output>
        </test-method> <!-- browserTerminate -->
      </class> <!-- Demo_ShoppingCart.Demo_Shopping_Cart_Test -->
    </test> <!-- Chrome_Test -->
  </suite> <!-- Functional_Suite -->
</testng-results>
