<?xml version="1.0" encoding="UTF-8"?>
<!-- Generated by org.testng.reporters.JUnitXMLReporter -->
<testsuite ignored="0" hostname="DESKTOP-8CVRHOU" failures="0" tests="1" name="ChromeTest" time="0.108" errors="0" timestamp="2025-01-22T18:34:57 IST">
  <testcase classname="org.QAfoxprojectGenericUtility.BaseConfiguration" name="@BeforeClass browserSetup" time="0.003">
    <failure type="java.lang.Error" message="Unresolved compilation problems: 
	The import java.io.FileInputStream cannot be resolved
	FileInputStream cannot be resolved to a type
	FileInputStream cannot be resolved to a type
	FileInputStream cannot be resolved to a type
	FileInputStream cannot be resolved to a type
">
      <![CDATA[java.lang.Error: Unresolved compilation problems: 
The import java.io.FileInputStream cannot be resolved
FileInputStream cannot be resolved to a type
FileInputStream cannot be resolved to a type
FileInputStream cannot be resolved to a type
FileInputStream cannot be resolved to a type

at org.QAfoxprojectGenericUtility.ExcelFileLibrary.<init>(ExcelFileLibrary.java:4)
at org.QAfoxprojectGenericUtility.BaseConfiguration.initobjects(BaseConfiguration.java:188)
at org.QAfoxprojectGenericUtility.BaseConfiguration.browserSetup(BaseConfiguration.java:54)
at java.base/java.util.ArrayList.forEach(ArrayList.java:1597)
at java.base/java.util.concurrent.FutureTask.run(FutureTask.java:317)
at java.base/java.util.concurrent.ThreadPoolExecutor.runWorker(ThreadPoolExecutor.java:1144)
at java.base/java.util.concurrent.ThreadPoolExecutor$Worker.run(ThreadPoolExecutor.java:642)
at java.base/java.lang.Thread.run(Thread.java:1570)
... Removed 14 stack frames]]>
    </failure>
  </testcase> <!-- @BeforeClass browserSetup -->
  <testcase classname="org.QAfoxprojectGenericUtility.BaseConfiguration" name="@BeforeMethod login" time="-1.73755109779E9">
    <skipped/>
  </testcase> <!-- @BeforeMethod login -->
  <testcase classname="org.QAfoxprojectGenericUtility.BaseConfiguration" name="@AfterMethod logout" time="-1.737551097821E9">
    <skipped/>
  </testcase> <!-- @AfterMethod logout -->
  <testcase classname="org.QAfoxprojectGenericUtility.BaseConfiguration" name="@AfterClass browserTerminate" time="-1.737551097828E9">
    <skipped/>
  </testcase> <!-- @AfterClass browserTerminate -->
  <testcase classname="org.QAfoxproject.Desktops.Desktops_Mac_Test" name="addProduct_Desktops_Mac_Test" time="0.0">
    <skipped/>
  </testcase> <!-- addProduct_Desktops_Mac_Test -->
</testsuite> <!-- ChromeTest -->
